  [1m[36mActiveRecord::SchemaMigration Load (9.8ms)[0m  [1mSELECT "schema_migrations".* FROM "schema_migrations"[0m
Migrating to DeviseCreateUsers (20150124204823)
  [1m[35m (0.5ms)[0m  BEGIN
DEPRECATION WARNING: `#timestamp` was called without specifying an option for `null`. In Rails 5, this behavior will change to `null: false`. You should manually specify `null: true` to prevent the behavior of your existing migrations from changing. (called from block in change at /home/gustavo/Documents/Projects/SupportHelp/db/migrate/20150124204823_devise_create_users.rb:39)
  [1m[36m (110.1ms)[0m  [1mCREATE TABLE "users" ("id" serial primary key, "email" character varying DEFAULT '' NOT NULL, "encrypted_password" character varying DEFAULT '' NOT NULL, "reset_password_token" character varying, "reset_password_sent_at" timestamp, "remember_created_at" timestamp, "sign_in_count" integer DEFAULT 0 NOT NULL, "current_sign_in_at" timestamp, "last_sign_in_at" timestamp, "current_sign_in_ip" character varying, "last_sign_in_ip" character varying, "is_active" boolean, "is_client" boolean, "is_analyst" boolean, "is_manager" boolean, "created_at" timestamp, "updated_at" timestamp) [0m
PG::DuplicateTable: ERROR:  relation "users" already exists
: CREATE TABLE "users" ("id" serial primary key, "email" character varying DEFAULT '' NOT NULL, "encrypted_password" character varying DEFAULT '' NOT NULL, "reset_password_token" character varying, "reset_password_sent_at" timestamp, "remember_created_at" timestamp, "sign_in_count" integer DEFAULT 0 NOT NULL, "current_sign_in_at" timestamp, "last_sign_in_at" timestamp, "current_sign_in_ip" character varying, "last_sign_in_ip" character varying, "is_active" boolean, "is_client" boolean, "is_analyst" boolean, "is_manager" boolean, "created_at" timestamp, "updated_at" timestamp) 
  [1m[35m (0.4ms)[0m  ROLLBACK
  [1m[36mActiveRecord::SchemaMigration Load (0.8ms)[0m  [1mSELECT "schema_migrations".* FROM "schema_migrations"[0m
Migrating to DeviseCreateUsers (20150124204823)
  [1m[35m (0.4ms)[0m  BEGIN
DEPRECATION WARNING: `#timestamp` was called without specifying an option for `null`. In Rails 5, this behavior will change to `null: false`. You should manually specify `null: true` to prevent the behavior of your existing migrations from changing. (called from block in change at /home/gustavo/Documents/Projects/SupportHelp/db/migrate/20150124204823_devise_create_users.rb:39)
  [1m[36m (4.2ms)[0m  [1mCREATE TABLE "users" ("id" serial primary key, "email" character varying DEFAULT '' NOT NULL, "encrypted_password" character varying DEFAULT '' NOT NULL, "reset_password_token" character varying, "reset_password_sent_at" timestamp, "remember_created_at" timestamp, "sign_in_count" integer DEFAULT 0 NOT NULL, "current_sign_in_at" timestamp, "last_sign_in_at" timestamp, "current_sign_in_ip" character varying, "last_sign_in_ip" character varying, "is_active" boolean, "is_client" boolean, "is_analyst" boolean, "is_manager" boolean, "created_at" timestamp, "updated_at" timestamp) [0m
PG::DuplicateTable: ERROR:  relation "users" already exists
: CREATE TABLE "users" ("id" serial primary key, "email" character varying DEFAULT '' NOT NULL, "encrypted_password" character varying DEFAULT '' NOT NULL, "reset_password_token" character varying, "reset_password_sent_at" timestamp, "remember_created_at" timestamp, "sign_in_count" integer DEFAULT 0 NOT NULL, "current_sign_in_at" timestamp, "last_sign_in_at" timestamp, "current_sign_in_ip" character varying, "last_sign_in_ip" character varying, "is_active" boolean, "is_client" boolean, "is_analyst" boolean, "is_manager" boolean, "created_at" timestamp, "updated_at" timestamp) 
  [1m[35m (0.4ms)[0m  ROLLBACK
  [1m[36m (64.3ms)[0m  [1mCREATE TABLE "schema_migrations" ("version" character varying NOT NULL) [0m
  [1m[35m (63.5ms)[0m  CREATE UNIQUE INDEX  "unique_schema_migrations" ON "schema_migrations"  ("version")
  [1m[36mActiveRecord::SchemaMigration Load (0.8ms)[0m  [1mSELECT "schema_migrations".* FROM "schema_migrations"[0m
Migrating to DeviseCreateUsers (20150124204823)
  [1m[35m (0.5ms)[0m  BEGIN
DEPRECATION WARNING: `#timestamp` was called without specifying an option for `null`. In Rails 5, this behavior will change to `null: false`. You should manually specify `null: true` to prevent the behavior of your existing migrations from changing. (called from block in change at /home/gustavo/Documents/Projects/SupportHelp/db/migrate/20150124204823_devise_create_users.rb:39)
  [1m[36m (97.1ms)[0m  [1mCREATE TABLE "users" ("id" serial primary key, "email" character varying DEFAULT '' NOT NULL, "encrypted_password" character varying DEFAULT '' NOT NULL, "reset_password_token" character varying, "reset_password_sent_at" timestamp, "remember_created_at" timestamp, "sign_in_count" integer DEFAULT 0 NOT NULL, "current_sign_in_at" timestamp, "last_sign_in_at" timestamp, "current_sign_in_ip" character varying, "last_sign_in_ip" character varying, "is_active" boolean, "is_client" boolean, "is_analyst" boolean, "is_manager" boolean, "created_at" timestamp, "updated_at" timestamp) [0m
  [1m[35m (42.6ms)[0m  CREATE UNIQUE INDEX  "index_users_on_email" ON "users"  ("email")
  [1m[36m (40.6ms)[0m  [1mCREATE UNIQUE INDEX  "index_users_on_reset_password_token" ON "users"  ("reset_password_token")[0m
  [1m[35mSQL (0.6ms)[0m  INSERT INTO "schema_migrations" ("version") VALUES ($1)  [["version", "20150124204823"]]
  [1m[36m (12.9ms)[0m  [1mCOMMIT[0m
Migrating to CreateSystems (20150124210013)
  [1m[35m (0.5ms)[0m  BEGIN
  [1m[36m (93.2ms)[0m  [1mCREATE TABLE "systems" ("id" serial primary key, "name" character varying, "is_active" boolean, "created_at" timestamp NOT NULL, "updated_at" timestamp NOT NULL) [0m
  [1m[35mSQL (0.5ms)[0m  INSERT INTO "schema_migrations" ("version") VALUES ($1)  [["version", "20150124210013"]]
  [1m[36m (12.7ms)[0m  [1mCOMMIT[0m
Migrating to CreateSubjects (20150124210102)
  [1m[35m (0.5ms)[0m  BEGIN
  [1m[36m (0.4ms)[0m  [1mROLLBACK[0m
  [1m[36m (79.0ms)[0m  [1mCREATE TABLE "schema_migrations" ("version" character varying NOT NULL) [0m
  [1m[35m (63.9ms)[0m  CREATE UNIQUE INDEX  "unique_schema_migrations" ON "schema_migrations"  ("version")
  [1m[36mActiveRecord::SchemaMigration Load (0.5ms)[0m  [1mSELECT "schema_migrations".* FROM "schema_migrations"[0m
Migrating to DeviseCreateUsers (20150124204823)
  [1m[35m (0.3ms)[0m  BEGIN
DEPRECATION WARNING: `#timestamp` was called without specifying an option for `null`. In Rails 5, this behavior will change to `null: false`. You should manually specify `null: true` to prevent the behavior of your existing migrations from changing. (called from block in change at /home/gustavo/Documents/Projects/SupportHelp/db/migrate/20150124204823_devise_create_users.rb:39)
  [1m[36m (82.8ms)[0m  [1mCREATE TABLE "users" ("id" serial primary key, "email" character varying DEFAULT '' NOT NULL, "encrypted_password" character varying DEFAULT '' NOT NULL, "reset_password_token" character varying, "reset_password_sent_at" timestamp, "remember_created_at" timestamp, "sign_in_count" integer DEFAULT 0 NOT NULL, "current_sign_in_at" timestamp, "last_sign_in_at" timestamp, "current_sign_in_ip" character varying, "last_sign_in_ip" character varying, "is_active" boolean, "is_client" boolean, "is_analyst" boolean, "is_manager" boolean, "created_at" timestamp, "updated_at" timestamp) [0m
  [1m[35m (40.5ms)[0m  CREATE UNIQUE INDEX  "index_users_on_email" ON "users"  ("email")
  [1m[36m (40.7ms)[0m  [1mCREATE UNIQUE INDEX  "index_users_on_reset_password_token" ON "users"  ("reset_password_token")[0m
  [1m[35mSQL (0.7ms)[0m  INSERT INTO "schema_migrations" ("version") VALUES ($1)  [["version", "20150124204823"]]
  [1m[36m (13.6ms)[0m  [1mCOMMIT[0m
Migrating to CreateSystems (20150124210013)
  [1m[35m (0.5ms)[0m  BEGIN
  [1m[36m (84.6ms)[0m  [1mCREATE TABLE "systems" ("id" serial primary key, "name" character varying, "is_active" boolean, "created_at" timestamp NOT NULL, "updated_at" timestamp NOT NULL) [0m
  [1m[35mSQL (0.6ms)[0m  INSERT INTO "schema_migrations" ("version") VALUES ($1)  [["version", "20150124210013"]]
  [1m[36m (20.1ms)[0m  [1mCOMMIT[0m
Migrating to CreateSubjects (20150124210102)
  [1m[35m (0.5ms)[0m  BEGIN
  [1m[36m (96.2ms)[0m  [1mCREATE TABLE "subjects" ("id" serial primary key, "title" character varying, "is_active" boolean, "System_id" integer, "created_at" timestamp NOT NULL, "updated_at" timestamp NOT NULL) [0m
  [1m[35mSQL (0.4ms)[0m  INSERT INTO "schema_migrations" ("version") VALUES ($1)  [["version", "20150124210102"]]
  [1m[36m (20.1ms)[0m  [1mCOMMIT[0m
Migrating to CreatePriorities (20150124210453)
  [1m[35m (0.5ms)[0m  BEGIN
  [1m[36m (96.5ms)[0m  [1mCREATE TABLE "priorities" ("id" serial primary key, "description" character varying, "is_active" boolean, "created_at" timestamp NOT NULL, "updated_at" timestamp NOT NULL) [0m
  [1m[35mSQL (0.4ms)[0m  INSERT INTO "schema_migrations" ("version") VALUES ($1)  [["version", "20150124210453"]]
  [1m[36m (19.0ms)[0m  [1mCOMMIT[0m
Migrating to CreateTickets (20150124210621)
  [1m[35m (0.5ms)[0m  BEGIN
  [1m[36m (97.7ms)[0m  [1mCREATE TABLE "tickets" ("id" serial primary key, "title" character varying, "finished_in" timestamp, "System_id" integer, "Subject_id" integer, "Priority_id" integer, "Status_id" integer, "Company_id" integer, "created_at" timestamp NOT NULL, "updated_at" timestamp NOT NULL) [0m
  [1m[35m (0.7ms)[0m  ALTER TABLE "tickets" ADD "created_by" integer
  [1m[36m (0.6ms)[0m  [1mALTER TABLE "tickets" ADD "client_id" integer[0m
  [1m[35m (0.6ms)[0m  ALTER TABLE "tickets" ADD "analyst_id" integer
  [1m[36mSQL (0.4ms)[0m  [1mINSERT INTO "schema_migrations" ("version") VALUES ($1)[0m  [["version", "20150124210621"]]
  [1m[35m (26.7ms)[0m  COMMIT
Migrating to CreateComments (20150124211618)
  [1m[36m (0.7ms)[0m  [1mBEGIN[0m
  [1m[35m (86.2ms)[0m  CREATE TABLE "comments" ("id" serial primary key, "content" text, "Ticket_id" integer, "created_at" timestamp NOT NULL, "updated_at" timestamp NOT NULL) 
  [1m[36m (2.6ms)[0m  [1mALTER TABLE "comments" ADD CONSTRAINT "fk_rails_ab2061a203"
FOREIGN KEY ("ticket_id")
  REFERENCES "tickets" ("id")
[0m
PG::UndefinedColumn: ERROR:  column "ticket_id" referenced in foreign key constraint does not exist
: ALTER TABLE "comments" ADD CONSTRAINT "fk_rails_ab2061a203"
FOREIGN KEY ("ticket_id")
  REFERENCES "tickets" ("id")

  [1m[35m (0.4ms)[0m  ROLLBACK
  [1m[36m (80.7ms)[0m  [1mCREATE TABLE "schema_migrations" ("version" character varying NOT NULL) [0m
  [1m[35m (41.5ms)[0m  CREATE UNIQUE INDEX  "unique_schema_migrations" ON "schema_migrations"  ("version")
  [1m[36mActiveRecord::SchemaMigration Load (0.6ms)[0m  [1mSELECT "schema_migrations".* FROM "schema_migrations"[0m
Migrating to DeviseCreateUsers (20150124204823)
  [1m[35m (0.3ms)[0m  BEGIN
DEPRECATION WARNING: `#timestamp` was called without specifying an option for `null`. In Rails 5, this behavior will change to `null: false`. You should manually specify `null: true` to prevent the behavior of your existing migrations from changing. (called from block in change at /home/gustavo/Documents/Projects/SupportHelp/db/migrate/20150124204823_devise_create_users.rb:39)
  [1m[36m (84.9ms)[0m  [1mCREATE TABLE "users" ("id" serial primary key, "email" character varying DEFAULT '' NOT NULL, "encrypted_password" character varying DEFAULT '' NOT NULL, "reset_password_token" character varying, "reset_password_sent_at" timestamp, "remember_created_at" timestamp, "sign_in_count" integer DEFAULT 0 NOT NULL, "current_sign_in_at" timestamp, "last_sign_in_at" timestamp, "current_sign_in_ip" character varying, "last_sign_in_ip" character varying, "is_active" boolean, "is_client" boolean, "is_analyst" boolean, "is_manager" boolean, "created_at" timestamp, "updated_at" timestamp) [0m
  [1m[35m (29.9ms)[0m  CREATE UNIQUE INDEX  "index_users_on_email" ON "users"  ("email")
  [1m[36m (39.5ms)[0m  [1mCREATE UNIQUE INDEX  "index_users_on_reset_password_token" ON "users"  ("reset_password_token")[0m
  [1m[35mSQL (0.8ms)[0m  INSERT INTO "schema_migrations" ("version") VALUES ($1)  [["version", "20150124204823"]]
  [1m[36m (20.0ms)[0m  [1mCOMMIT[0m
Migrating to CreateSystems (20150124210013)
  [1m[35m (0.5ms)[0m  BEGIN
  [1m[36m (76.4ms)[0m  [1mCREATE TABLE "systems" ("id" serial primary key, "name" character varying, "is_active" boolean, "created_at" timestamp NOT NULL, "updated_at" timestamp NOT NULL) [0m
  [1m[35mSQL (0.6ms)[0m  INSERT INTO "schema_migrations" ("version") VALUES ($1)  [["version", "20150124210013"]]
  [1m[36m (17.5ms)[0m  [1mCOMMIT[0m
Migrating to CreateSubjects (20150124210102)
  [1m[35m (0.6ms)[0m  BEGIN
  [1m[36m (87.8ms)[0m  [1mCREATE TABLE "subjects" ("id" serial primary key, "title" character varying, "is_active" boolean, "System_id" integer, "created_at" timestamp NOT NULL, "updated_at" timestamp NOT NULL) [0m
  [1m[35mSQL (0.5ms)[0m  INSERT INTO "schema_migrations" ("version") VALUES ($1)  [["version", "20150124210102"]]
  [1m[36m (17.5ms)[0m  [1mCOMMIT[0m
Migrating to CreatePriorities (20150124210453)
  [1m[35m (0.5ms)[0m  BEGIN
  [1m[36m (88.5ms)[0m  [1mCREATE TABLE "priorities" ("id" serial primary key, "description" character varying, "is_active" boolean, "created_at" timestamp NOT NULL, "updated_at" timestamp NOT NULL) [0m
  [1m[35mSQL (0.5ms)[0m  INSERT INTO "schema_migrations" ("version") VALUES ($1)  [["version", "20150124210453"]]
  [1m[36m (16.2ms)[0m  [1mCOMMIT[0m
Migrating to CreateTickets (20150124210621)
  [1m[35m (0.4ms)[0m  BEGIN
  [1m[36m (89.3ms)[0m  [1mCREATE TABLE "tickets" ("id" serial primary key, "title" character varying, "finished_in" timestamp, "System_id" integer, "Subject_id" integer, "Priority_id" integer, "Status_id" integer, "Company_id" integer, "created_at" timestamp NOT NULL, "updated_at" timestamp NOT NULL) [0m
  [1m[35m (0.7ms)[0m  ALTER TABLE "tickets" ADD "created_by" integer
  [1m[36m (0.6ms)[0m  [1mALTER TABLE "tickets" ADD "client_id" integer[0m
  [1m[35m (0.6ms)[0m  ALTER TABLE "tickets" ADD "analyst_id" integer
  [1m[36mSQL (0.5ms)[0m  [1mINSERT INTO "schema_migrations" ("version") VALUES ($1)[0m  [["version", "20150124210621"]]
  [1m[35m (23.0ms)[0m  COMMIT
Migrating to CreateComments (20150124211618)
  [1m[36m (0.5ms)[0m  [1mBEGIN[0m
  [1m[35m (89.1ms)[0m  CREATE TABLE "comments" ("id" serial primary key, "content" text, "created_at" timestamp NOT NULL, "updated_at" timestamp NOT NULL) 
  [1m[36m (1.7ms)[0m  [1mALTER TABLE "comments" ADD CONSTRAINT "fk_rails_c632a0273b"
FOREIGN KEY ("ticket_id")
  REFERENCES "tickets" ("id")
[0m
PG::UndefinedColumn: ERROR:  column "ticket_id" referenced in foreign key constraint does not exist
: ALTER TABLE "comments" ADD CONSTRAINT "fk_rails_c632a0273b"
FOREIGN KEY ("ticket_id")
  REFERENCES "tickets" ("id")

  [1m[35m (0.3ms)[0m  ROLLBACK
  [1m[36m (71.5ms)[0m  [1mCREATE TABLE "schema_migrations" ("version" character varying NOT NULL) [0m
  [1m[35m (52.5ms)[0m  CREATE UNIQUE INDEX  "unique_schema_migrations" ON "schema_migrations"  ("version")
  [1m[36mActiveRecord::SchemaMigration Load (0.8ms)[0m  [1mSELECT "schema_migrations".* FROM "schema_migrations"[0m
Migrating to DeviseCreateUsers (20150124204823)
  [1m[35m (0.4ms)[0m  BEGIN
DEPRECATION WARNING: `#timestamp` was called without specifying an option for `null`. In Rails 5, this behavior will change to `null: false`. You should manually specify `null: true` to prevent the behavior of your existing migrations from changing. (called from block in change at /home/gustavo/Documents/Projects/SupportHelp/db/migrate/20150124204823_devise_create_users.rb:39)
  [1m[36m (86.8ms)[0m  [1mCREATE TABLE "users" ("id" serial primary key, "email" character varying DEFAULT '' NOT NULL, "encrypted_password" character varying DEFAULT '' NOT NULL, "reset_password_token" character varying, "reset_password_sent_at" timestamp, "remember_created_at" timestamp, "sign_in_count" integer DEFAULT 0 NOT NULL, "current_sign_in_at" timestamp, "last_sign_in_at" timestamp, "current_sign_in_ip" character varying, "last_sign_in_ip" character varying, "is_active" boolean, "is_client" boolean, "is_analyst" boolean, "is_manager" boolean, "created_at" timestamp, "updated_at" timestamp) [0m
  [1m[35m (40.4ms)[0m  CREATE UNIQUE INDEX  "index_users_on_email" ON "users"  ("email")
  [1m[36m (40.6ms)[0m  [1mCREATE UNIQUE INDEX  "index_users_on_reset_password_token" ON "users"  ("reset_password_token")[0m
  [1m[35mSQL (0.5ms)[0m  INSERT INTO "schema_migrations" ("version") VALUES ($1)  [["version", "20150124204823"]]
  [1m[36m (17.3ms)[0m  [1mCOMMIT[0m
Migrating to CreateSystems (20150124210013)
  [1m[35m (0.5ms)[0m  BEGIN
  [1m[36m (91.8ms)[0m  [1mCREATE TABLE "systems" ("id" serial primary key, "name" character varying, "is_active" boolean, "created_at" timestamp NOT NULL, "updated_at" timestamp NOT NULL) [0m
  [1m[35mSQL (0.6ms)[0m  INSERT INTO "schema_migrations" ("version") VALUES ($1)  [["version", "20150124210013"]]
  [1m[36m (24.2ms)[0m  [1mCOMMIT[0m
Migrating to CreateSubjects (20150124210102)
  [1m[35m (0.7ms)[0m  BEGIN
  [1m[36m (70.6ms)[0m  [1mCREATE TABLE "subjects" ("id" serial primary key, "title" character varying, "is_active" boolean, "System_id" integer, "created_at" timestamp NOT NULL, "updated_at" timestamp NOT NULL) [0m
  [1m[35mSQL (0.5ms)[0m  INSERT INTO "schema_migrations" ("version") VALUES ($1)  [["version", "20150124210102"]]
  [1m[36m (12.0ms)[0m  [1mCOMMIT[0m
Migrating to CreatePriorities (20150124210453)
  [1m[35m (0.3ms)[0m  BEGIN
  [1m[36m (83.0ms)[0m  [1mCREATE TABLE "priorities" ("id" serial primary key, "description" character varying, "is_active" boolean, "created_at" timestamp NOT NULL, "updated_at" timestamp NOT NULL) [0m
  [1m[35mSQL (0.6ms)[0m  INSERT INTO "schema_migrations" ("version") VALUES ($1)  [["version", "20150124210453"]]
  [1m[36m (22.5ms)[0m  [1mCOMMIT[0m
Migrating to CreateTickets (20150124210621)
  [1m[35m (0.5ms)[0m  BEGIN
  [1m[36m (105.1ms)[0m  [1mCREATE TABLE "tickets" ("id" serial primary key, "title" character varying, "finished_in" timestamp, "System_id" integer, "Subject_id" integer, "Priority_id" integer, "Status_id" integer, "Company_id" integer, "created_at" timestamp NOT NULL, "updated_at" timestamp NOT NULL) [0m
  [1m[35m (0.7ms)[0m  ALTER TABLE "tickets" ADD "created_by" integer
  [1m[36m (0.6ms)[0m  [1mALTER TABLE "tickets" ADD "client_id" integer[0m
  [1m[35m (0.6ms)[0m  ALTER TABLE "tickets" ADD "analyst_id" integer
  [1m[36mSQL (0.5ms)[0m  [1mINSERT INTO "schema_migrations" ("version") VALUES ($1)[0m  [["version", "20150124210621"]]
  [1m[35m (18.0ms)[0m  COMMIT
Migrating to CreateComments (20150124211618)
  [1m[36m (0.4ms)[0m  [1mBEGIN[0m
  [1m[35m (84.4ms)[0m  CREATE TABLE "comments" ("id" serial primary key, "content" text, "created_at" timestamp NOT NULL, "updated_at" timestamp NOT NULL) 
  [1m[36m (0.8ms)[0m  [1mALTER TABLE "comments" ADD "ticket_id" integer[0m
  [1m[35mSQL (0.5ms)[0m  INSERT INTO "schema_migrations" ("version") VALUES ($1)  [["version", "20150124211618"]]
  [1m[36m (19.3ms)[0m  [1mCOMMIT[0m
Migrating to CreateStatuses (20150124211723)
  [1m[35m (0.5ms)[0m  BEGIN
  [1m[36m (84.8ms)[0m  [1mCREATE TABLE "statuses" ("id" serial primary key, "name" character varying, "is_active" boolean, "created_at" timestamp NOT NULL, "updated_at" timestamp NOT NULL) [0m
  [1m[35mSQL (0.4ms)[0m  INSERT INTO "schema_migrations" ("version") VALUES ($1)  [["version", "20150124211723"]]
  [1m[36m (21.1ms)[0m  [1mCOMMIT[0m
Migrating to CreateCompanies (20150124211841)
  [1m[35m (0.6ms)[0m  BEGIN
  [1m[36m (76.3ms)[0m  [1mCREATE TABLE "companies" ("id" serial primary key, "title" character varying, "is_active" boolean, "created_at" timestamp NOT NULL, "updated_at" timestamp NOT NULL) [0m
  [1m[35m (2.6ms)[0m  ALTER TABLE "users" ADD CONSTRAINT "fk_rails_a4456cc920"
FOREIGN KEY ("company_id")
  REFERENCES "companies" ("id")

PG::UndefinedColumn: ERROR:  column "company_id" referenced in foreign key constraint does not exist
: ALTER TABLE "users" ADD CONSTRAINT "fk_rails_a4456cc920"
FOREIGN KEY ("company_id")
  REFERENCES "companies" ("id")

  [1m[36m (0.4ms)[0m  [1mROLLBACK[0m
  [1m[36m (73.2ms)[0m  [1mCREATE TABLE "schema_migrations" ("version" character varying NOT NULL) [0m
  [1m[35m (52.1ms)[0m  CREATE UNIQUE INDEX  "unique_schema_migrations" ON "schema_migrations"  ("version")
  [1m[36mActiveRecord::SchemaMigration Load (0.4ms)[0m  [1mSELECT "schema_migrations".* FROM "schema_migrations"[0m
Migrating to DeviseCreateUsers (20150124204823)
  [1m[35m (0.3ms)[0m  BEGIN
DEPRECATION WARNING: `#timestamp` was called without specifying an option for `null`. In Rails 5, this behavior will change to `null: false`. You should manually specify `null: true` to prevent the behavior of your existing migrations from changing. (called from block in change at /home/gustavo/Documents/Projects/SupportHelp/db/migrate/20150124204823_devise_create_users.rb:39)
  [1m[36m (85.1ms)[0m  [1mCREATE TABLE "users" ("id" serial primary key, "email" character varying DEFAULT '' NOT NULL, "encrypted_password" character varying DEFAULT '' NOT NULL, "reset_password_token" character varying, "reset_password_sent_at" timestamp, "remember_created_at" timestamp, "sign_in_count" integer DEFAULT 0 NOT NULL, "current_sign_in_at" timestamp, "last_sign_in_at" timestamp, "current_sign_in_ip" character varying, "last_sign_in_ip" character varying, "is_active" boolean, "is_client" boolean, "is_analyst" boolean, "is_manager" boolean, "created_at" timestamp, "updated_at" timestamp) [0m
  [1m[35m (40.4ms)[0m  CREATE UNIQUE INDEX  "index_users_on_email" ON "users"  ("email")
  [1m[36m (29.7ms)[0m  [1mCREATE UNIQUE INDEX  "index_users_on_reset_password_token" ON "users"  ("reset_password_token")[0m
  [1m[35mSQL (0.5ms)[0m  INSERT INTO "schema_migrations" ("version") VALUES ($1)  [["version", "20150124204823"]]
  [1m[36m (9.7ms)[0m  [1mCOMMIT[0m
Migrating to CreateSystems (20150124210013)
  [1m[35m (0.5ms)[0m  BEGIN
  [1m[36m (87.2ms)[0m  [1mCREATE TABLE "systems" ("id" serial primary key, "name" character varying, "is_active" boolean, "created_at" timestamp NOT NULL, "updated_at" timestamp NOT NULL) [0m
  [1m[35mSQL (0.6ms)[0m  INSERT INTO "schema_migrations" ("version") VALUES ($1)  [["version", "20150124210013"]]
  [1m[36m (17.8ms)[0m  [1mCOMMIT[0m
Migrating to CreateSubjects (20150124210102)
  [1m[35m (0.5ms)[0m  BEGIN
  [1m[36m (143.2ms)[0m  [1mCREATE TABLE "subjects" ("id" serial primary key, "title" character varying, "is_active" boolean, "System_id" integer, "created_at" timestamp NOT NULL, "updated_at" timestamp NOT NULL) [0m
  [1m[35mSQL (0.5ms)[0m  INSERT INTO "schema_migrations" ("version") VALUES ($1)  [["version", "20150124210102"]]
  [1m[36m (17.7ms)[0m  [1mCOMMIT[0m
Migrating to CreatePriorities (20150124210453)
  [1m[35m (0.5ms)[0m  BEGIN
  [1m[36m (77.6ms)[0m  [1mCREATE TABLE "priorities" ("id" serial primary key, "description" character varying, "is_active" boolean, "created_at" timestamp NOT NULL, "updated_at" timestamp NOT NULL) [0m
  [1m[35mSQL (0.5ms)[0m  INSERT INTO "schema_migrations" ("version") VALUES ($1)  [["version", "20150124210453"]]
  [1m[36m (16.1ms)[0m  [1mCOMMIT[0m
Migrating to CreateTickets (20150124210621)
  [1m[35m (0.5ms)[0m  BEGIN
  [1m[36m (100.3ms)[0m  [1mCREATE TABLE "tickets" ("id" serial primary key, "title" character varying, "finished_in" timestamp, "System_id" integer, "Subject_id" integer, "Priority_id" integer, "Status_id" integer, "Company_id" integer, "created_at" timestamp NOT NULL, "updated_at" timestamp NOT NULL) [0m
  [1m[35m (0.7ms)[0m  ALTER TABLE "tickets" ADD "created_by" integer
  [1m[36m (0.5ms)[0m  [1mALTER TABLE "tickets" ADD "client_id" integer[0m
  [1m[35m (0.5ms)[0m  ALTER TABLE "tickets" ADD "analyst_id" integer
  [1m[36mSQL (0.4ms)[0m  [1mINSERT INTO "schema_migrations" ("version") VALUES ($1)[0m  [["version", "20150124210621"]]
  [1m[35m (11.9ms)[0m  COMMIT
Migrating to CreateComments (20150124211618)
  [1m[36m (0.5ms)[0m  [1mBEGIN[0m
  [1m[35m (90.2ms)[0m  CREATE TABLE "comments" ("id" serial primary key, "content" text, "created_at" timestamp NOT NULL, "updated_at" timestamp NOT NULL) 
  [1m[36m (0.8ms)[0m  [1mALTER TABLE "comments" ADD "ticket_id" integer[0m
  [1m[35mSQL (0.5ms)[0m  INSERT INTO "schema_migrations" ("version") VALUES ($1)  [["version", "20150124211618"]]
  [1m[36m (23.4ms)[0m  [1mCOMMIT[0m
Migrating to CreateStatuses (20150124211723)
  [1m[35m (0.6ms)[0m  BEGIN
  [1m[36m (90.7ms)[0m  [1mCREATE TABLE "statuses" ("id" serial primary key, "name" character varying, "is_active" boolean, "created_at" timestamp NOT NULL, "updated_at" timestamp NOT NULL) [0m
  [1m[35mSQL (0.5ms)[0m  INSERT INTO "schema_migrations" ("version") VALUES ($1)  [["version", "20150124211723"]]
  [1m[36m (14.1ms)[0m  [1mCOMMIT[0m
Migrating to CreateCompanies (20150124211841)
  [1m[35m (0.3ms)[0m  BEGIN
  [1m[36m (81.2ms)[0m  [1mCREATE TABLE "companies" ("id" serial primary key, "title" character varying, "is_active" boolean, "created_at" timestamp NOT NULL, "updated_at" timestamp NOT NULL) [0m
  [1m[35m (0.7ms)[0m  ALTER TABLE "users" ADD "company_id" integer
  [1m[36mSQL (0.5ms)[0m  [1mINSERT INTO "schema_migrations" ("version") VALUES ($1)[0m  [["version", "20150124211841"]]
  [1m[35m (22.0ms)[0m  COMMIT
  [1m[36mActiveRecord::SchemaMigration Load (0.4ms)[0m  [1mSELECT "schema_migrations".* FROM "schema_migrations"[0m
  [1m[35m (4.0ms)[0m  SELECT t2.oid::regclass::text AS to_table, a1.attname AS column, a2.attname AS primary_key, c.conname AS name, c.confupdtype AS on_update, c.confdeltype AS on_delete
FROM pg_constraint c
JOIN pg_class t1 ON c.conrelid = t1.oid
JOIN pg_class t2 ON c.confrelid = t2.oid
JOIN pg_attribute a1 ON a1.attnum = c.conkey[1] AND a1.attrelid = t1.oid
JOIN pg_attribute a2 ON a2.attnum = c.confkey[1] AND a2.attrelid = t2.oid
JOIN pg_namespace t3 ON c.connamespace = t3.oid
WHERE c.contype = 'f'
  AND t1.relname = 'comments'
  AND t3.nspname = ANY (current_schemas(false))
ORDER BY c.conname

  [1m[36m (3.5ms)[0m  [1mSELECT t2.oid::regclass::text AS to_table, a1.attname AS column, a2.attname AS primary_key, c.conname AS name, c.confupdtype AS on_update, c.confdeltype AS on_delete
FROM pg_constraint c
JOIN pg_class t1 ON c.conrelid = t1.oid
JOIN pg_class t2 ON c.confrelid = t2.oid
JOIN pg_attribute a1 ON a1.attnum = c.conkey[1] AND a1.attrelid = t1.oid
JOIN pg_attribute a2 ON a2.attnum = c.confkey[1] AND a2.attrelid = t2.oid
JOIN pg_namespace t3 ON c.connamespace = t3.oid
WHERE c.contype = 'f'
  AND t1.relname = 'companies'
  AND t3.nspname = ANY (current_schemas(false))
ORDER BY c.conname
[0m
  [1m[35m (3.8ms)[0m  SELECT t2.oid::regclass::text AS to_table, a1.attname AS column, a2.attname AS primary_key, c.conname AS name, c.confupdtype AS on_update, c.confdeltype AS on_delete
FROM pg_constraint c
JOIN pg_class t1 ON c.conrelid = t1.oid
JOIN pg_class t2 ON c.confrelid = t2.oid
JOIN pg_attribute a1 ON a1.attnum = c.conkey[1] AND a1.attrelid = t1.oid
JOIN pg_attribute a2 ON a2.attnum = c.confkey[1] AND a2.attrelid = t2.oid
JOIN pg_namespace t3 ON c.connamespace = t3.oid
WHERE c.contype = 'f'
  AND t1.relname = 'priorities'
  AND t3.nspname = ANY (current_schemas(false))
ORDER BY c.conname

  [1m[36m (3.6ms)[0m  [1mSELECT t2.oid::regclass::text AS to_table, a1.attname AS column, a2.attname AS primary_key, c.conname AS name, c.confupdtype AS on_update, c.confdeltype AS on_delete
FROM pg_constraint c
JOIN pg_class t1 ON c.conrelid = t1.oid
JOIN pg_class t2 ON c.confrelid = t2.oid
JOIN pg_attribute a1 ON a1.attnum = c.conkey[1] AND a1.attrelid = t1.oid
JOIN pg_attribute a2 ON a2.attnum = c.confkey[1] AND a2.attrelid = t2.oid
JOIN pg_namespace t3 ON c.connamespace = t3.oid
WHERE c.contype = 'f'
  AND t1.relname = 'statuses'
  AND t3.nspname = ANY (current_schemas(false))
ORDER BY c.conname
[0m
  [1m[35m (3.1ms)[0m  SELECT t2.oid::regclass::text AS to_table, a1.attname AS column, a2.attname AS primary_key, c.conname AS name, c.confupdtype AS on_update, c.confdeltype AS on_delete
FROM pg_constraint c
JOIN pg_class t1 ON c.conrelid = t1.oid
JOIN pg_class t2 ON c.confrelid = t2.oid
JOIN pg_attribute a1 ON a1.attnum = c.conkey[1] AND a1.attrelid = t1.oid
JOIN pg_attribute a2 ON a2.attnum = c.confkey[1] AND a2.attrelid = t2.oid
JOIN pg_namespace t3 ON c.connamespace = t3.oid
WHERE c.contype = 'f'
  AND t1.relname = 'subjects'
  AND t3.nspname = ANY (current_schemas(false))
ORDER BY c.conname

  [1m[36m (3.1ms)[0m  [1mSELECT t2.oid::regclass::text AS to_table, a1.attname AS column, a2.attname AS primary_key, c.conname AS name, c.confupdtype AS on_update, c.confdeltype AS on_delete
FROM pg_constraint c
JOIN pg_class t1 ON c.conrelid = t1.oid
JOIN pg_class t2 ON c.confrelid = t2.oid
JOIN pg_attribute a1 ON a1.attnum = c.conkey[1] AND a1.attrelid = t1.oid
JOIN pg_attribute a2 ON a2.attnum = c.confkey[1] AND a2.attrelid = t2.oid
JOIN pg_namespace t3 ON c.connamespace = t3.oid
WHERE c.contype = 'f'
  AND t1.relname = 'systems'
  AND t3.nspname = ANY (current_schemas(false))
ORDER BY c.conname
[0m
  [1m[35m (3.0ms)[0m  SELECT t2.oid::regclass::text AS to_table, a1.attname AS column, a2.attname AS primary_key, c.conname AS name, c.confupdtype AS on_update, c.confdeltype AS on_delete
FROM pg_constraint c
JOIN pg_class t1 ON c.conrelid = t1.oid
JOIN pg_class t2 ON c.confrelid = t2.oid
JOIN pg_attribute a1 ON a1.attnum = c.conkey[1] AND a1.attrelid = t1.oid
JOIN pg_attribute a2 ON a2.attnum = c.confkey[1] AND a2.attrelid = t2.oid
JOIN pg_namespace t3 ON c.connamespace = t3.oid
WHERE c.contype = 'f'
  AND t1.relname = 'tickets'
  AND t3.nspname = ANY (current_schemas(false))
ORDER BY c.conname

  [1m[36m (2.9ms)[0m  [1mSELECT t2.oid::regclass::text AS to_table, a1.attname AS column, a2.attname AS primary_key, c.conname AS name, c.confupdtype AS on_update, c.confdeltype AS on_delete
FROM pg_constraint c
JOIN pg_class t1 ON c.conrelid = t1.oid
JOIN pg_class t2 ON c.confrelid = t2.oid
JOIN pg_attribute a1 ON a1.attnum = c.conkey[1] AND a1.attrelid = t1.oid
JOIN pg_attribute a2 ON a2.attnum = c.confkey[1] AND a2.attrelid = t2.oid
JOIN pg_namespace t3 ON c.connamespace = t3.oid
WHERE c.contype = 'f'
  AND t1.relname = 'users'
  AND t3.nspname = ANY (current_schemas(false))
ORDER BY c.conname
[0m
  [1m[36mActiveRecord::SchemaMigration Load (0.8ms)[0m  [1mSELECT "schema_migrations".* FROM "schema_migrations"[0m
  [1m[35mActiveRecord::SchemaMigration Load (0.7ms)[0m  SELECT "schema_migrations".* FROM "schema_migrations"
  [1m[36m (4.1ms)[0m  [1mSELECT t2.oid::regclass::text AS to_table, a1.attname AS column, a2.attname AS primary_key, c.conname AS name, c.confupdtype AS on_update, c.confdeltype AS on_delete
FROM pg_constraint c
JOIN pg_class t1 ON c.conrelid = t1.oid
JOIN pg_class t2 ON c.confrelid = t2.oid
JOIN pg_attribute a1 ON a1.attnum = c.conkey[1] AND a1.attrelid = t1.oid
JOIN pg_attribute a2 ON a2.attnum = c.confkey[1] AND a2.attrelid = t2.oid
JOIN pg_namespace t3 ON c.connamespace = t3.oid
WHERE c.contype = 'f'
  AND t1.relname = 'comments'
  AND t3.nspname = ANY (current_schemas(false))
ORDER BY c.conname
[0m
  [1m[35m (3.2ms)[0m  SELECT t2.oid::regclass::text AS to_table, a1.attname AS column, a2.attname AS primary_key, c.conname AS name, c.confupdtype AS on_update, c.confdeltype AS on_delete
FROM pg_constraint c
JOIN pg_class t1 ON c.conrelid = t1.oid
JOIN pg_class t2 ON c.confrelid = t2.oid
JOIN pg_attribute a1 ON a1.attnum = c.conkey[1] AND a1.attrelid = t1.oid
JOIN pg_attribute a2 ON a2.attnum = c.confkey[1] AND a2.attrelid = t2.oid
JOIN pg_namespace t3 ON c.connamespace = t3.oid
WHERE c.contype = 'f'
  AND t1.relname = 'companies'
  AND t3.nspname = ANY (current_schemas(false))
ORDER BY c.conname

  [1m[36m (3.0ms)[0m  [1mSELECT t2.oid::regclass::text AS to_table, a1.attname AS column, a2.attname AS primary_key, c.conname AS name, c.confupdtype AS on_update, c.confdeltype AS on_delete
FROM pg_constraint c
JOIN pg_class t1 ON c.conrelid = t1.oid
JOIN pg_class t2 ON c.confrelid = t2.oid
JOIN pg_attribute a1 ON a1.attnum = c.conkey[1] AND a1.attrelid = t1.oid
JOIN pg_attribute a2 ON a2.attnum = c.confkey[1] AND a2.attrelid = t2.oid
JOIN pg_namespace t3 ON c.connamespace = t3.oid
WHERE c.contype = 'f'
  AND t1.relname = 'priorities'
  AND t3.nspname = ANY (current_schemas(false))
ORDER BY c.conname
[0m
  [1m[35m (3.0ms)[0m  SELECT t2.oid::regclass::text AS to_table, a1.attname AS column, a2.attname AS primary_key, c.conname AS name, c.confupdtype AS on_update, c.confdeltype AS on_delete
FROM pg_constraint c
JOIN pg_class t1 ON c.conrelid = t1.oid
JOIN pg_class t2 ON c.confrelid = t2.oid
JOIN pg_attribute a1 ON a1.attnum = c.conkey[1] AND a1.attrelid = t1.oid
JOIN pg_attribute a2 ON a2.attnum = c.confkey[1] AND a2.attrelid = t2.oid
JOIN pg_namespace t3 ON c.connamespace = t3.oid
WHERE c.contype = 'f'
  AND t1.relname = 'statuses'
  AND t3.nspname = ANY (current_schemas(false))
ORDER BY c.conname

  [1m[36m (3.0ms)[0m  [1mSELECT t2.oid::regclass::text AS to_table, a1.attname AS column, a2.attname AS primary_key, c.conname AS name, c.confupdtype AS on_update, c.confdeltype AS on_delete
FROM pg_constraint c
JOIN pg_class t1 ON c.conrelid = t1.oid
JOIN pg_class t2 ON c.confrelid = t2.oid
JOIN pg_attribute a1 ON a1.attnum = c.conkey[1] AND a1.attrelid = t1.oid
JOIN pg_attribute a2 ON a2.attnum = c.confkey[1] AND a2.attrelid = t2.oid
JOIN pg_namespace t3 ON c.connamespace = t3.oid
WHERE c.contype = 'f'
  AND t1.relname = 'subjects'
  AND t3.nspname = ANY (current_schemas(false))
ORDER BY c.conname
[0m
  [1m[35m (3.0ms)[0m  SELECT t2.oid::regclass::text AS to_table, a1.attname AS column, a2.attname AS primary_key, c.conname AS name, c.confupdtype AS on_update, c.confdeltype AS on_delete
FROM pg_constraint c
JOIN pg_class t1 ON c.conrelid = t1.oid
JOIN pg_class t2 ON c.confrelid = t2.oid
JOIN pg_attribute a1 ON a1.attnum = c.conkey[1] AND a1.attrelid = t1.oid
JOIN pg_attribute a2 ON a2.attnum = c.confkey[1] AND a2.attrelid = t2.oid
JOIN pg_namespace t3 ON c.connamespace = t3.oid
WHERE c.contype = 'f'
  AND t1.relname = 'systems'
  AND t3.nspname = ANY (current_schemas(false))
ORDER BY c.conname

  [1m[36m (2.8ms)[0m  [1mSELECT t2.oid::regclass::text AS to_table, a1.attname AS column, a2.attname AS primary_key, c.conname AS name, c.confupdtype AS on_update, c.confdeltype AS on_delete
FROM pg_constraint c
JOIN pg_class t1 ON c.conrelid = t1.oid
JOIN pg_class t2 ON c.confrelid = t2.oid
JOIN pg_attribute a1 ON a1.attnum = c.conkey[1] AND a1.attrelid = t1.oid
JOIN pg_attribute a2 ON a2.attnum = c.confkey[1] AND a2.attrelid = t2.oid
JOIN pg_namespace t3 ON c.connamespace = t3.oid
WHERE c.contype = 'f'
  AND t1.relname = 'tickets'
  AND t3.nspname = ANY (current_schemas(false))
ORDER BY c.conname
[0m
  [1m[35m (2.8ms)[0m  SELECT t2.oid::regclass::text AS to_table, a1.attname AS column, a2.attname AS primary_key, c.conname AS name, c.confupdtype AS on_update, c.confdeltype AS on_delete
FROM pg_constraint c
JOIN pg_class t1 ON c.conrelid = t1.oid
JOIN pg_class t2 ON c.confrelid = t2.oid
JOIN pg_attribute a1 ON a1.attnum = c.conkey[1] AND a1.attrelid = t1.oid
JOIN pg_attribute a2 ON a2.attnum = c.confkey[1] AND a2.attrelid = t2.oid
JOIN pg_namespace t3 ON c.connamespace = t3.oid
WHERE c.contype = 'f'
  AND t1.relname = 'users'
  AND t3.nspname = ANY (current_schemas(false))
ORDER BY c.conname

